<?xml version="1.0" encoding="utf-8"?><testsuites name="pytest tests"><testsuite name="pytest" errors="0" failures="0" skipped="0" tests="22" time="2.659" timestamp="2026-07-31T15:47:12.196181+00:00" hostname="agent-env-2234a5fb-aad3-45ce-9eed-fead0ddb0ca4"><testcase classname="tests.backend_test" name="test_health" time="0.110" /><testcase classname="tests.backend_test" name="test_company_get_default" time="0.039" /><testcase classname="tests.backend_test" name="test_company_update" time="0.073" /><testcase classname="tests.backend_test" name="test_upload_logo_valid_png" time="0.079" /><testcase classname="tests.backend_test" name="test_upload_logo_reject_non_image" time="0.040" /><testcase classname="tests.backend_test" name="test_upload_logo_reject_too_large" time="0.095" /><testcase classname="tests.backend_test" name="test_get_asset_file" time="0.039" /><testcase classname="tests.backend_test" name="test_upload_signature_and_stamp" time="0.104" /><testcase classname="tests.backend_test" name="test_delete_asset" time="0.040" /><testcase classname="tests.backend_test" name="test_customer_crud" time="0.188" /><testcase classname="tests.backend_test" name="test_customer_delete" time="0.180" /><testcase classname="tests.backend_test" name="test_partner_crud" time="0.191" /><testcase classname="tests.backend_test" name="test_next_number_idempotent" time="0.206" /><testcase classname="tests.backend_test" name="test_create_invoice_cgst_sgst" time="0.075" /><testcase classname="tests.backend_test" name="test_create_invoice_igst" time="0.119" /><testcase classname="tests.backend_test" name="test_create_invoice_non_gst" time="0.078" /><testcase classname="tests.backend_test" name="test_invoice_number_increments" time="0.108" /><testcase classname="tests.backend_test" name="test_invoice_update_and_delete" time="0.183" /><testcase classname="tests.backend_test" name="test_invoice_pdf" time="0.088" /><testcase classname="tests.backend_test" name="test_invoice_bad_customer" time="0.036" /><testcase classname="tests.backend_test" name="test_reports_summary" time="0.036" /><testcase classname="tests.backend_test" name="test_reports_date_filter" time="0.036" /></testsuite></testsuites>