<?xml version="1.0" encoding="utf-8"?><testsuites name="pytest tests"><testsuite name="pytest" errors="0" failures="0" skipped="0" tests="25" time="6.730" timestamp="2026-07-31T16:11:59.613611+00:00" hostname="agent-env-2234a5fb-aad3-45ce-9eed-fead0ddb0ca4"><testcase classname="tests.backend_test.TestAuth" name="test_health_public" time="0.142" /><testcase classname="tests.backend_test.TestAuth" name="test_login_success" time="0.491" /><testcase classname="tests.backend_test.TestAuth" name="test_login_wrong_password" time="0.304" /><testcase classname="tests.backend_test.TestInvoices" name="test_create_invoice_cgst" time="0.941" /><testcase classname="tests.backend_test.TestAuth" name="test_me_requires_token" time="0.092" /><testcase classname="tests.backend_test.TestInvoices" name="test_duplicate_invoice" time="0.173" /><testcase classname="tests.backend_test.TestInvoices" name="test_duplicate_not_found" time="0.227" /><testcase classname="tests.backend_test.TestInvoices" name="test_invoice_pdf" time="0.074" /><testcase classname="tests.backend_test.TestAuth" name="test_me_with_token" time="0.471" /><testcase classname="tests.backend_test.TestCompany" name="test_get" time="0.039" /><testcase classname="tests.backend_test.TestCompany" name="test_update" time="0.046" /><testcase classname="tests.backend_test.TestCompany" name="test_upload_and_get_logo" time="0.132" /><testcase classname="tests.backend_test.TestAuth" name="test_protected_endpoints_require_auth" time="0.524" /><testcase classname="tests.backend_test.TestMonthlyExcel" name="test_download_xlsx" time="0.461" /><testcase classname="tests.backend_test.TestAuth" name="test_protected_endpoints_ok_with_auth" time="0.302" /><testcase classname="tests.backend_test.TestMonthlyExcel" name="test_invalid_month" time="0.037" /><testcase classname="tests.backend_test.TestMonthlyExcel" name="test_excel_requires_auth" time="0.076" /><testcase classname="tests.backend_test.TestCustomerPartner" name="test_customer_crud" time="0.125" /><testcase classname="tests.backend_test.TestAuth" name="test_brute_force_lockout" time="0.022" /><testcase classname="tests.backend_test.TestCustomerPartner" name="test_partner_list" time="0.081" /><testcase classname="tests.backend_test.TestAuth" name="test_change_password_flow" time="2.009" /><testcase classname="tests.backend_test.TestReports" name="test_summary" time="0.256" /><testcase classname="tests.backend_test.TestAuth" name="test_forgot_and_reset_password_flow" time="1.319" /><testcase classname="tests.backend_test.TestAuth" name="test_reset_password_invalid_token" time="0.093" /><testcase classname="tests.backend_test.TestAuth" name="test_logout" time="0.382" /></testsuite></testsuites>